{"/Users/twinflame/crashrewrite/gameserver/server/config.js": {"path":"/Users/twinflame/crashrewrite/gameserver/server/config.js","statementMap":{"0":{"start":{"line":1,"column":0},"end":{"line":13,"column":2}}},"fnMap":{},"branchMap":{"0":{"loc":{"start":{"line":2,"column":10},"end":{"line":2,"column":34}},"type":"binary-expr","locations":[{"start":{"line":2,"column":10},"end":{"line":2,"column":26}},{"start":{"line":2,"column":30},"end":{"line":2,"column":34}}],"line":2},"1":{"loc":{"start":{"line":4,"column":15},"end":{"line":4,"column":51}},"type":"binary-expr","locations":[{"start":{"line":4,"column":15},"end":{"line":4,"column":36}},{"start":{"line":4,"column":40},"end":{"line":4,"column":51}}],"line":4},"2":{"loc":{"start":{"line":5,"column":16},"end":{"line":5,"column":54}},"type":"binary-expr","locations":[{"start":{"line":5,"column":16},"end":{"line":5,"column":38}},{"start":{"line":5,"column":42},"end":{"line":5,"column":54}}],"line":5},"3":{"loc":{"start":{"line":7,"column":19},"end":{"line":7,"column":107}},"type":"binary-expr","locations":[{"start":{"line":7,"column":19},"end":{"line":7,"column":43}},{"start":{"line":7,"column":47},"end":{"line":7,"column":107}}],"line":7},"4":{"loc":{"start":{"line":8,"column":13},"end":{"line":8,"column":51}},"type":"binary-expr","locations":[{"start":{"line":8,"column":13},"end":{"line":8,"column":32}},{"start":{"line":8,"column":36},"end":{"line":8,"column":51}}],"line":8},"5":{"loc":{"start":{"line":10,"column":22},"end":{"line":10,"column":63}},"type":"binary-expr","locations":[{"start":{"line":10,"column":22},"end":{"line":10,"column":59}},{"start":{"line":10,"column":62},"end":{"line":10,"column":63}}],"line":10}},"s":{"0":1},"f":{},"b":{"0":[1,1],"1":[1,1],"2":[1,1],"3":[1,1],"4":[1,1],"5":[1,1]},"_coverageSchema":"1a1c01bbd47fc00a2c39e90264f33305004495a9","hash":"e30904b31deda0546843cabf1ba25a08dd536625"}
,"/Users/twinflame/crashrewrite/gameserver/server/database.js": {"path":"/Users/twinflame/crashrewrite/gameserver/server/database.js","statementMap":{"0":{"start":{"line":1,"column":15},"end":{"line":1,"column":32}},"1":{"start":{"line":2,"column":13},"end":{"line":2,"column":28}},"2":{"start":{"line":3,"column":14},"end":{"line":3,"column":30}},"3":{"start":{"line":4,"column":12},"end":{"line":4,"column":28}},"4":{"start":{"line":5,"column":15},"end":{"line":5,"column":34}},"5":{"start":{"line":6,"column":17},"end":{"line":6,"column":30}},"6":{"start":{"line":10,"column":18},"end":{"line":19,"column":1}},"7":{"start":{"line":11,"column":4},"end":{"line":12,"column":65}},"8":{"start":{"line":12,"column":8},"end":{"line":12,"column":65}},"9":{"start":{"line":14,"column":21},"end":{"line":16,"column":5}},"10":{"start":{"line":17,"column":19},"end":{"line":17,"column":39}},"11":{"start":{"line":18,"column":4},"end":{"line":18,"column":17}},"12":{"start":{"line":21,"column":29},"end":{"line":34,"column":1}},"13":{"start":{"line":22,"column":4},"end":{"line":22,"column":17}},"14":{"start":{"line":23,"column":17},"end":{"line":23,"column":28}},"15":{"start":{"line":24,"column":4},"end":{"line":24,"column":26}},"16":{"start":{"line":25,"column":14},"end":{"line":26,"column":74}},"17":{"start":{"line":27,"column":4},"end":{"line":27,"column":22}},"18":{"start":{"line":29,"column":4},"end":{"line":31,"column":5}},"19":{"start":{"line":30,"column":8},"end":{"line":30,"column":32}},"20":{"start":{"line":32,"column":4},"end":{"line":32,"column":34}},"21":{"start":{"line":33,"column":4},"end":{"line":33,"column":25}},"22":{"start":{"line":36,"column":24},"end":{"line":75,"column":1}},"23":{"start":{"line":37,"column":19},"end":{"line":37,"column":36}},"24":{"start":{"line":38,"column":4},"end":{"line":38,"column":26}},"25":{"start":{"line":39,"column":16},"end":{"line":39,"column":69}},"26":{"start":{"line":40,"column":19},"end":{"line":40,"column":23}},"27":{"start":{"line":42,"column":4},"end":{"line":51,"column":5}},"28":{"start":{"line":43,"column":20},"end":{"line":43,"column":84}},"29":{"start":{"line":44,"column":8},"end":{"line":44,"column":39}},"30":{"start":{"line":45,"column":22},"end":{"line":45,"column":112}},"31":{"start":{"line":46,"column":8},"end":{"line":46,"column":41}},"32":{"start":{"line":47,"column":8},"end":{"line":50,"column":9}},"33":{"start":{"line":53,"column":4},"end":{"line":53,"column":35}},"34":{"start":{"line":54,"column":15},"end":{"line":54,"column":31}},"35":{"start":{"line":55,"column":22},"end":{"line":55,"column":97}},"36":{"start":{"line":56,"column":4},"end":{"line":56,"column":35}},"37":{"start":{"line":58,"column":4},"end":{"line":72,"column":5}},"38":{"start":{"line":59,"column":22},"end":{"line":59,"column":86}},"39":{"start":{"line":60,"column":8},"end":{"line":60,"column":39}},"40":{"start":{"line":61,"column":24},"end":{"line":61,"column":114}},"41":{"start":{"line":62,"column":8},"end":{"line":62,"column":41}},"42":{"start":{"line":63,"column":8},"end":{"line":66,"column":9}},"43":{"start":{"line":68,"column":8},"end":{"line":71,"column":9}},"44":{"start":{"line":73,"column":4},"end":{"line":73,"column":22}},"45":{"start":{"line":74,"column":4},"end":{"line":74,"column":19}},"46":{"start":{"line":77,"column":22},"end":{"line":99,"column":1}},"47":{"start":{"line":78,"column":4},"end":{"line":78,"column":20}},"48":{"start":{"line":79,"column":4},"end":{"line":97,"column":5}},"49":{"start":{"line":80,"column":23},"end":{"line":80,"column":40}},"50":{"start":{"line":81,"column":8},"end":{"line":81,"column":30}},"51":{"start":{"line":82,"column":20},"end":{"line":82,"column":107}},"52":{"start":{"line":84,"column":8},"end":{"line":86,"column":9}},"53":{"start":{"line":85,"column":12},"end":{"line":85,"column":55}},"54":{"start":{"line":88,"column":8},"end":{"line":90,"column":9}},"55":{"start":{"line":89,"column":12},"end":{"line":89,"column":40}},"56":{"start":{"line":91,"column":8},"end":{"line":91,"column":26}},"57":{"start":{"line":92,"column":8},"end":{"line":92,"column":28}},"58":{"start":{"line":95,"column":8},"end":{"line":95,"column":36}},"59":{"start":{"line":96,"column":8},"end":{"line":96,"column":34}},"60":{"start":{"line":101,"column":17},"end":{"line":125,"column":1}},"61":{"start":{"line":102,"column":4},"end":{"line":102,"column":39}},"62":{"start":{"line":103,"column":4},"end":{"line":103,"column":44}},"63":{"start":{"line":104,"column":4},"end":{"line":104,"column":39}},"64":{"start":{"line":105,"column":4},"end":{"line":105,"column":39}},"65":{"start":{"line":106,"column":19},"end":{"line":106,"column":36}},"66":{"start":{"line":107,"column":16},"end":{"line":115,"column":5}},"67":{"start":{"line":109,"column":12},"end":{"line":109,"column":123}},"68":{"start":{"line":112,"column":12},"end":{"line":113,"column":54}},"69":{"start":{"line":117,"column":4},"end":{"line":123,"column":6}},"70":{"start":{"line":118,"column":8},"end":{"line":119,"column":28}},"71":{"start":{"line":119,"column":12},"end":{"line":119,"column":28}},"72":{"start":{"line":120,"column":21},"end":{"line":120,"column":41}},"73":{"start":{"line":121,"column":8},"end":{"line":121,"column":43}},"74":{"start":{"line":122,"column":8},"end":{"line":122,"column":21}},"75":{"start":{"line":127,"column":16},"end":{"line":170,"column":1}},"76":{"start":{"line":129,"column":8},"end":{"line":139,"column":72}},"77":{"start":{"line":140,"column":4},"end":{"line":140,"column":38}},"78":{"start":{"line":141,"column":19},"end":{"line":141,"column":36}},"79":{"start":{"line":142,"column":4},"end":{"line":142,"column":26}},"80":{"start":{"line":143,"column":21},"end":{"line":143,"column":96}},"81":{"start":{"line":144,"column":4},"end":{"line":168,"column":5}},"82":{"start":{"line":145,"column":8},"end":{"line":145,"column":47}},"83":{"start":{"line":146,"column":8},"end":{"line":146,"column":27}},"84":{"start":{"line":148,"column":22},"end":{"line":148,"column":24}},"85":{"start":{"line":149,"column":22},"end":{"line":149,"column":24}},"86":{"start":{"line":150,"column":29},"end":{"line":150,"column":31}},"87":{"start":{"line":151,"column":8},"end":{"line":158,"column":10}},"88":{"start":{"line":152,"column":12},"end":{"line":152,"column":44}},"89":{"start":{"line":153,"column":12},"end":{"line":153,"column":39}},"90":{"start":{"line":154,"column":12},"end":{"line":154,"column":43}},"91":{"start":{"line":155,"column":12},"end":{"line":155,"column":38}},"92":{"start":{"line":156,"column":12},"end":{"line":156,"column":63}},"93":{"start":{"line":157,"column":12},"end":{"line":157,"column":45}},"94":{"start":{"line":159,"column":27},"end":{"line":159,"column":29}},"95":{"start":{"line":160,"column":8},"end":{"line":160,"column":92}},"96":{"start":{"line":161,"column":29},"end":{"line":161,"column":97}},"97":{"start":{"line":162,"column":8},"end":{"line":164,"column":9}},"98":{"start":{"line":163,"column":12},"end":{"line":163,"column":110}},"99":{"start":{"line":165,"column":8},"end":{"line":165,"column":26}},"100":{"start":{"line":166,"column":8},"end":{"line":166,"column":47}},"101":{"start":{"line":167,"column":8},"end":{"line":167,"column":27}},"102":{"start":{"line":172,"column":20},"end":{"line":176,"column":1}},"103":{"start":{"line":173,"column":14},"end":{"line":173,"column":125}},"104":{"start":{"line":174,"column":4},"end":{"line":174,"column":31}},"105":{"start":{"line":175,"column":4},"end":{"line":175,"column":15}},"106":{"start":{"line":178,"column":16},"end":{"line":197,"column":1}},"107":{"start":{"line":179,"column":4},"end":{"line":179,"column":39}},"108":{"start":{"line":180,"column":4},"end":{"line":180,"column":39}},"109":{"start":{"line":181,"column":4},"end":{"line":181,"column":39}},"110":{"start":{"line":182,"column":19},"end":{"line":182,"column":36}},"111":{"start":{"line":183,"column":24},"end":{"line":183,"column":59}},"112":{"start":{"line":184,"column":4},"end":{"line":188,"column":5}},"113":{"start":{"line":185,"column":8},"end":{"line":185,"column":72}},"114":{"start":{"line":187,"column":8},"end":{"line":187,"column":82}},"115":{"start":{"line":189,"column":24},"end":{"line":189,"column":129}},"116":{"start":{"line":190,"column":4},"end":{"line":195,"column":5}},"117":{"start":{"line":191,"column":8},"end":{"line":193,"column":38}},"118":{"start":{"line":194,"column":8},"end":{"line":194,"column":42}},"119":{"start":{"line":196,"column":4},"end":{"line":196,"column":15}},"120":{"start":{"line":199,"column":19},"end":{"line":219,"column":1}},"121":{"start":{"line":200,"column":4},"end":{"line":200,"column":39}},"122":{"start":{"line":201,"column":19},"end":{"line":201,"column":36}},"123":{"start":{"line":202,"column":4},"end":{"line":202,"column":26}},"124":{"start":{"line":203,"column":18},"end":{"line":203,"column":97}},"125":{"start":{"line":204,"column":4},"end":{"line":207,"column":5}},"126":{"start":{"line":205,"column":8},"end":{"line":205,"column":79}},"127":{"start":{"line":206,"column":8},"end":{"line":206,"column":29}},"128":{"start":{"line":208,"column":17},"end":{"line":208,"column":37}},"129":{"start":{"line":209,"column":22},"end":{"line":209,"column":50}},"130":{"start":{"line":210,"column":4},"end":{"line":210,"column":32}},"131":{"start":{"line":212,"column":23},"end":{"line":212,"column":114}},"132":{"start":{"line":213,"column":4},"end":{"line":213,"column":22}},"133":{"start":{"line":214,"column":4},"end":{"line":218,"column":5}},"134":{"start":{"line":215,"column":8},"end":{"line":215,"column":52}},"135":{"start":{"line":217,"column":8},"end":{"line":217,"column":87}},"136":{"start":{"line":221,"column":23},"end":{"line":248,"column":1}},"137":{"start":{"line":223,"column":8},"end":{"line":230,"column":41}},"138":{"start":{"line":231,"column":19},"end":{"line":231,"column":36}},"139":{"start":{"line":232,"column":4},"end":{"line":232,"column":26}},"140":{"start":{"line":233,"column":15},"end":{"line":233,"column":32}},"141":{"start":{"line":234,"column":4},"end":{"line":234,"column":31}},"142":{"start":{"line":235,"column":4},"end":{"line":245,"column":6}},"143":{"start":{"line":236,"column":22},"end":{"line":236,"column":43}},"144":{"start":{"line":237,"column":22},"end":{"line":237,"column":42}},"145":{"start":{"line":238,"column":8},"end":{"line":244,"column":10}},"146":{"start":{"line":239,"column":12},"end":{"line":243,"column":13}},"147":{"start":{"line":246,"column":4},"end":{"line":246,"column":22}},"148":{"start":{"line":247,"column":4},"end":{"line":247,"column":20}},"149":{"start":{"line":250,"column":20},"end":{"line":261,"column":1}},"150":{"start":{"line":251,"column":19},"end":{"line":251,"column":36}},"151":{"start":{"line":252,"column":4},"end":{"line":252,"column":26}},"152":{"start":{"line":253,"column":24},"end":{"line":255,"column":76}},"153":{"start":{"line":256,"column":14},"end":{"line":256,"column":45}},"154":{"start":{"line":257,"column":4},"end":{"line":257,"column":31}},"155":{"start":{"line":258,"column":17},"end":{"line":258,"column":64}},"156":{"start":{"line":259,"column":16},"end":{"line":259,"column":19}},"157":{"start":{"line":260,"column":4},"end":{"line":260,"column":32}},"158":{"start":{"line":263,"column":0},"end":{"line":263,"column":153}}},"fnMap":{"0":{"name":"(anonymous_0)","decl":{"start":{"line":10,"column":18},"end":{"line":10,"column":19}},"loc":{"start":{"line":10,"column":30},"end":{"line":19,"column":1}},"line":10},"1":{"name":"(anonymous_1)","decl":{"start":{"line":21,"column":29},"end":{"line":21,"column":30}},"loc":{"start":{"line":21,"column":45},"end":{"line":34,"column":1}},"line":21},"2":{"name":"(anonymous_2)","decl":{"start":{"line":36,"column":24},"end":{"line":36,"column":25}},"loc":{"start":{"line":36,"column":36},"end":{"line":75,"column":1}},"line":36},"3":{"name":"(anonymous_3)","decl":{"start":{"line":77,"column":22},"end":{"line":77,"column":23}},"loc":{"start":{"line":77,"column":42},"end":{"line":99,"column":1}},"line":77},"4":{"name":"(anonymous_4)","decl":{"start":{"line":101,"column":17},"end":{"line":101,"column":18}},"loc":{"start":{"line":101,"column":63},"end":{"line":125,"column":1}},"line":101},"5":{"name":"(anonymous_5)","decl":{"start":{"line":108,"column":8},"end":{"line":108,"column":9}},"loc":{"start":{"line":108,"column":20},"end":{"line":110,"column":9}},"line":108},"6":{"name":"(anonymous_6)","decl":{"start":{"line":111,"column":8},"end":{"line":111,"column":9}},"loc":{"start":{"line":111,"column":20},"end":{"line":114,"column":9}},"line":111},"7":{"name":"(anonymous_7)","decl":{"start":{"line":117,"column":26},"end":{"line":117,"column":27}},"loc":{"start":{"line":117,"column":43},"end":{"line":123,"column":5}},"line":117},"8":{"name":"(anonymous_8)","decl":{"start":{"line":127,"column":16},"end":{"line":127,"column":17}},"loc":{"start":{"line":127,"column":42},"end":{"line":170,"column":1}},"line":127},"9":{"name":"(anonymous_9)","decl":{"start":{"line":151,"column":24},"end":{"line":151,"column":25}},"loc":{"start":{"line":151,"column":35},"end":{"line":158,"column":9}},"line":151},"10":{"name":"(anonymous_10)","decl":{"start":{"line":172,"column":20},"end":{"line":172,"column":21}},"loc":{"start":{"line":172,"column":54},"end":{"line":176,"column":1}},"line":172},"11":{"name":"(anonymous_11)","decl":{"start":{"line":178,"column":16},"end":{"line":178,"column":17}},"loc":{"start":{"line":178,"column":49},"end":{"line":197,"column":1}},"line":178},"12":{"name":"(anonymous_12)","decl":{"start":{"line":199,"column":19},"end":{"line":199,"column":20}},"loc":{"start":{"line":199,"column":36},"end":{"line":219,"column":1}},"line":199},"13":{"name":"(anonymous_13)","decl":{"start":{"line":221,"column":23},"end":{"line":221,"column":24}},"loc":{"start":{"line":221,"column":34},"end":{"line":248,"column":1}},"line":221},"14":{"name":"(anonymous_14)","decl":{"start":{"line":235,"column":22},"end":{"line":235,"column":23}},"loc":{"start":{"line":235,"column":31},"end":{"line":245,"column":5}},"line":235},"15":{"name":"(anonymous_15)","decl":{"start":{"line":238,"column":24},"end":{"line":238,"column":25}},"loc":{"start":{"line":238,"column":34},"end":{"line":244,"column":9}},"line":238},"16":{"name":"(anonymous_16)","decl":{"start":{"line":250,"column":20},"end":{"line":250,"column":21}},"loc":{"start":{"line":250,"column":32},"end":{"line":261,"column":1}},"line":250}},"branchMap":{"0":{"loc":{"start":{"line":11,"column":4},"end":{"line":12,"column":65}},"type":"if","locations":[{"start":{"line":11,"column":4},"end":{"line":12,"column":65}},{"start":{},"end":{}}],"line":11},"1":{"loc":{"start":{"line":29,"column":4},"end":{"line":31,"column":5}},"type":"if","locations":[{"start":{"line":29,"column":4},"end":{"line":31,"column":5}},{"start":{},"end":{}}],"line":29},"2":{"loc":{"start":{"line":42,"column":4},"end":{"line":51,"column":5}},"type":"if","locations":[{"start":{"line":42,"column":4},"end":{"line":51,"column":5}},{"start":{},"end":{}}],"line":42},"3":{"loc":{"start":{"line":58,"column":4},"end":{"line":72,"column":5}},"type":"if","locations":[{"start":{"line":58,"column":4},"end":{"line":72,"column":5}},{"start":{"line":67,"column":11},"end":{"line":72,"column":5}}],"line":58},"4":{"loc":{"start":{"line":58,"column":8},"end":{"line":58,"column":23}},"type":"binary-expr","locations":[{"start":{"line":58,"column":8},"end":{"line":58,"column":11}},{"start":{"line":58,"column":15},"end":{"line":58,"column":23}}],"line":58},"5":{"loc":{"start":{"line":84,"column":8},"end":{"line":86,"column":9}},"type":"if","locations":[{"start":{"line":84,"column":8},"end":{"line":86,"column":9}},{"start":{},"end":{}}],"line":84},"6":{"loc":{"start":{"line":88,"column":8},"end":{"line":90,"column":9}},"type":"if","locations":[{"start":{"line":88,"column":8},"end":{"line":90,"column":9}},{"start":{},"end":{}}],"line":88},"7":{"loc":{"start":{"line":118,"column":8},"end":{"line":119,"column":28}},"type":"if","locations":[{"start":{"line":118,"column":8},"end":{"line":119,"column":28}},{"start":{},"end":{}}],"line":118},"8":{"loc":{"start":{"line":144,"column":4},"end":{"line":168,"column":5}},"type":"if","locations":[{"start":{"line":144,"column":4},"end":{"line":168,"column":5}},{"start":{"line":147,"column":11},"end":{"line":168,"column":5}}],"line":144},"9":{"loc":{"start":{"line":156,"column":19},"end":{"line":156,"column":62}},"type":"binary-expr","locations":[{"start":{"line":156,"column":19},"end":{"line":156,"column":42}},{"start":{"line":156,"column":46},"end":{"line":156,"column":62}}],"line":156},"10":{"loc":{"start":{"line":160,"column":16},"end":{"line":160,"column":91}},"type":"binary-expr","locations":[{"start":{"line":160,"column":16},"end":{"line":160,"column":48}},{"start":{"line":160,"column":52},"end":{"line":160,"column":91}}],"line":160},"11":{"loc":{"start":{"line":162,"column":8},"end":{"line":164,"column":9}},"type":"if","locations":[{"start":{"line":162,"column":8},"end":{"line":164,"column":9}},{"start":{},"end":{}}],"line":162},"12":{"loc":{"start":{"line":184,"column":4},"end":{"line":188,"column":5}},"type":"if","locations":[{"start":{"line":184,"column":4},"end":{"line":188,"column":5}},{"start":{"line":186,"column":11},"end":{"line":188,"column":5}}],"line":184},"13":{"loc":{"start":{"line":190,"column":4},"end":{"line":195,"column":5}},"type":"if","locations":[{"start":{"line":190,"column":4},"end":{"line":195,"column":5}},{"start":{},"end":{}}],"line":190},"14":{"loc":{"start":{"line":204,"column":4},"end":{"line":207,"column":5}},"type":"if","locations":[{"start":{"line":204,"column":4},"end":{"line":207,"column":5}},{"start":{},"end":{}}],"line":204},"15":{"loc":{"start":{"line":214,"column":4},"end":{"line":218,"column":5}},"type":"if","locations":[{"start":{"line":214,"column":4},"end":{"line":218,"column":5}},{"start":{"line":216,"column":11},"end":{"line":218,"column":5}}],"line":214},"16":{"loc":{"start":{"line":236,"column":22},"end":{"line":236,"column":43}},"type":"binary-expr","locations":[{"start":{"line":236,"column":22},"end":{"line":236,"column":37}},{"start":{"line":236,"column":41},"end":{"line":236,"column":43}}],"line":236}},"s":{"0":1,"1":1,"2":1,"3":1,"4":1,"5":1,"6":1,"7":5,"8":0,"9":5,"10":5,"11":5,"12":1,"13":0,"14":0,"15":0,"16":0,"17":0,"18":0,"19":0,"20":0,"21":0,"22":1,"23":1,"24":1,"25":1,"26":1,"27":1,"28":1,"29":1,"30":1,"31":1,"32":1,"33":0,"34":0,"35":0,"36":0,"37":0,"38":0,"39":0,"40":0,"41":0,"42":0,"43":0,"44":0,"45":0,"46":1,"47":3,"48":3,"49":3,"50":3,"51":3,"52":3,"53":1,"54":2,"55":1,"56":1,"57":1,"58":0,"59":0,"60":1,"61":0,"62":0,"63":0,"64":0,"65":0,"66":0,"67":0,"68":0,"69":0,"70":0,"71":0,"72":0,"73":0,"74":0,"75":1,"76":0,"77":0,"78":0,"79":0,"80":0,"81":0,"82":0,"83":0,"84":0,"85":0,"86":0,"87":0,"88":0,"89":0,"90":0,"91":0,"92":0,"93":0,"94":0,"95":0,"96":0,"97":0,"98":0,"99":0,"100":0,"101":0,"102":1,"103":0,"104":0,"105":0,"106":1,"107":0,"108":0,"109":0,"110":0,"111":0,"112":0,"113":0,"114":0,"115":0,"116":0,"117":0,"118":0,"119":0,"120":1,"121":0,"122":0,"123":0,"124":0,"125":0,"126":0,"127":0,"128":0,"129":0,"130":0,"131":0,"132":0,"133":0,"134":0,"135":0,"136":1,"137":0,"138":0,"139":0,"140":0,"141":0,"142":0,"143":0,"144":0,"145":0,"146":0,"147":0,"148":0,"149":1,"150":0,"151":0,"152":0,"153":0,"154":0,"155":0,"156":0,"157":0,"158":1},"f":{"0":5,"1":0,"2":1,"3":3,"4":0,"5":0,"6":0,"7":0,"8":0,"9":0,"10":0,"11":0,"12":0,"13":0,"14":0,"15":0,"16":0},"b":{"0":[0,5],"1":[0,0],"2":[1,0],"3":[0,0],"4":[0,0],"5":[1,2],"6":[1,1],"7":[0,0],"8":[0,0],"9":[0,0],"10":[0,0],"11":[0,0],"12":[0,0],"13":[0,0],"14":[0,0],"15":[0,0],"16":[0,0]},"_coverageSchema":"1a1c01bbd47fc00a2c39e90264f33305004495a9","hash":"aa57775a47c2aa461ad512bb7afdad63d2ca3ecf"}
,"/Users/twinflame/crashrewrite/gameserver/server/lib.js": {"path":"/Users/twinflame/crashrewrite/gameserver/server/lib.js","statementMap":{"0":{"start":{"line":1,"column":15},"end":{"line":1,"column":39}},"1":{"start":{"line":2,"column":15},"end":{"line":2,"column":32}},"2":{"start":{"line":4,"column":17},"end":{"line":6,"column":1}},"3":{"start":{"line":5,"column":4},"end":{"line":5,"column":126}},"4":{"start":{"line":8,"column":23},"end":{"line":10,"column":1}},"5":{"start":{"line":9,"column":4},"end":{"line":9,"column":63}},"6":{"start":{"line":12,"column":23},"end":{"line":14,"column":1}},"7":{"start":{"line":13,"column":4},"end":{"line":13,"column":91}},"8":{"start":{"line":16,"column":14},"end":{"line":18,"column":1}},"9":{"start":{"line":17,"column":4},"end":{"line":17,"column":150}},"10":{"start":{"line":20,"column":24},"end":{"line":37,"column":1}},"11":{"start":{"line":21,"column":18},"end":{"line":21,"column":46}},"12":{"start":{"line":22,"column":18},"end":{"line":22,"column":32}},"13":{"start":{"line":24,"column":4},"end":{"line":25,"column":20}},"14":{"start":{"line":25,"column":8},"end":{"line":25,"column":20}},"15":{"start":{"line":27,"column":14},"end":{"line":27,"column":32}},"16":{"start":{"line":28,"column":4},"end":{"line":33,"column":5}},"17":{"start":{"line":29,"column":18},"end":{"line":29,"column":28}},"18":{"start":{"line":30,"column":18},"end":{"line":30,"column":28}},"19":{"start":{"line":31,"column":18},"end":{"line":31,"column":28}},"20":{"start":{"line":32,"column":18},"end":{"line":32,"column":30}},"21":{"start":{"line":35,"column":4},"end":{"line":35,"column":20}},"22":{"start":{"line":36,"column":4},"end":{"line":36,"column":15}},"23":{"start":{"line":39,"column":24},"end":{"line":51,"column":1}},"24":{"start":{"line":40,"column":17},"end":{"line":40,"column":48}},"25":{"start":{"line":41,"column":4},"end":{"line":41,"column":42}},"26":{"start":{"line":41,"column":19},"end":{"line":41,"column":42}},"27":{"start":{"line":43,"column":18},"end":{"line":43,"column":46}},"28":{"start":{"line":44,"column":4},"end":{"line":44,"column":44}},"29":{"start":{"line":44,"column":20},"end":{"line":44,"column":44}},"30":{"start":{"line":46,"column":20},"end":{"line":46,"column":45}},"31":{"start":{"line":47,"column":4},"end":{"line":47,"column":48}},"32":{"start":{"line":47,"column":22},"end":{"line":47,"column":48}},"33":{"start":{"line":49,"column":20},"end":{"line":49,"column":40}},"34":{"start":{"line":50,"column":4},"end":{"line":50,"column":30}},"35":{"start":{"line":53,"column":20},"end":{"line":55,"column":1}},"36":{"start":{"line":54,"column":4},"end":{"line":54,"column":72}},"37":{"start":{"line":57,"column":18},"end":{"line":64,"column":1}},"38":{"start":{"line":58,"column":14},"end":{"line":58,"column":15}},"39":{"start":{"line":59,"column":12},"end":{"line":59,"column":27}},"40":{"start":{"line":60,"column":4},"end":{"line":62,"column":5}},"41":{"start":{"line":60,"column":17},"end":{"line":60,"column":34}},"42":{"start":{"line":61,"column":8},"end":{"line":61,"column":73}},"43":{"start":{"line":63,"column":4},"end":{"line":63,"column":21}},"44":{"start":{"line":67,"column":19},"end":{"line":67,"column":85}},"45":{"start":{"line":69,"column":27},"end":{"line":83,"column":1}},"46":{"start":{"line":70,"column":15},"end":{"line":70,"column":87}},"47":{"start":{"line":73,"column":4},"end":{"line":75,"column":5}},"48":{"start":{"line":74,"column":8},"end":{"line":74,"column":17}},"49":{"start":{"line":79,"column":12},"end":{"line":79,"column":43}},"50":{"start":{"line":80,"column":12},"end":{"line":80,"column":26}},"51":{"start":{"line":82,"column":4},"end":{"line":82,"column":47}},"52":{"start":{"line":85,"column":20},"end":{"line":87,"column":1}},"53":{"start":{"line":86,"column":4},"end":{"line":86,"column":12}},"54":{"start":{"line":89,"column":0},"end":{"line":89,"column":148}}},"fnMap":{"0":{"name":"(anonymous_0)","decl":{"start":{"line":4,"column":17},"end":{"line":4,"column":18}},"loc":{"start":{"line":4,"column":27},"end":{"line":6,"column":1}},"line":4},"1":{"name":"(anonymous_1)","decl":{"start":{"line":8,"column":23},"end":{"line":8,"column":24}},"loc":{"start":{"line":8,"column":42},"end":{"line":10,"column":1}},"line":8},"2":{"name":"(anonymous_2)","decl":{"start":{"line":12,"column":23},"end":{"line":12,"column":24}},"loc":{"start":{"line":12,"column":42},"end":{"line":14,"column":1}},"line":12},"3":{"name":"(anonymous_3)","decl":{"start":{"line":16,"column":14},"end":{"line":16,"column":15}},"loc":{"start":{"line":16,"column":26},"end":{"line":18,"column":1}},"line":16},"4":{"name":"(anonymous_4)","decl":{"start":{"line":20,"column":24},"end":{"line":20,"column":25}},"loc":{"start":{"line":20,"column":33},"end":{"line":37,"column":1}},"line":20},"5":{"name":"(anonymous_5)","decl":{"start":{"line":39,"column":24},"end":{"line":39,"column":25}},"loc":{"start":{"line":39,"column":32},"end":{"line":51,"column":1}},"line":39},"6":{"name":"(anonymous_6)","decl":{"start":{"line":53,"column":20},"end":{"line":53,"column":21}},"loc":{"start":{"line":53,"column":36},"end":{"line":55,"column":1}},"line":53},"7":{"name":"(anonymous_7)","decl":{"start":{"line":57,"column":18},"end":{"line":57,"column":19}},"loc":{"start":{"line":57,"column":33},"end":{"line":64,"column":1}},"line":57},"8":{"name":"(anonymous_8)","decl":{"start":{"line":69,"column":27},"end":{"line":69,"column":28}},"loc":{"start":{"line":69,"column":43},"end":{"line":83,"column":1}},"line":69},"9":{"name":"(anonymous_9)","decl":{"start":{"line":85,"column":20},"end":{"line":85,"column":21}},"loc":{"start":{"line":85,"column":32},"end":{"line":87,"column":1}},"line":85}},"branchMap":{"0":{"loc":{"start":{"line":5,"column":11},"end":{"line":5,"column":125}},"type":"binary-expr","locations":[{"start":{"line":5,"column":12},"end":{"line":5,"column":36}},{"start":{"line":5,"column":41},"end":{"line":5,"column":125}}],"line":5},"1":{"loc":{"start":{"line":13,"column":11},"end":{"line":13,"column":90}},"type":"cond-expr","locations":[{"start":{"line":13,"column":65},"end":{"line":13,"column":78}},{"start":{"line":13,"column":81},"end":{"line":13,"column":90}}],"line":13},"2":{"loc":{"start":{"line":17,"column":11},"end":{"line":17,"column":149}},"type":"binary-expr","locations":[{"start":{"line":17,"column":11},"end":{"line":17,"column":37}},{"start":{"line":17,"column":41},"end":{"line":17,"column":57}},{"start":{"line":17,"column":61},"end":{"line":17,"column":87}},{"start":{"line":17,"column":91},"end":{"line":17,"column":116}},{"start":{"line":17,"column":120},"end":{"line":17,"column":149}}],"line":17},"3":{"loc":{"start":{"line":24,"column":4},"end":{"line":25,"column":20}},"type":"if","locations":[{"start":{"line":24,"column":4},"end":{"line":25,"column":20}},{"start":{},"end":{}}],"line":24},"4":{"loc":{"start":{"line":28,"column":4},"end":{"line":33,"column":5}},"type":"switch","locations":[{"start":{"line":29,"column":8},"end":{"line":29,"column":28}},{"start":{"line":30,"column":8},"end":{"line":30,"column":28}},{"start":{"line":31,"column":8},"end":{"line":31,"column":28}},{"start":{"line":32,"column":8},"end":{"line":32,"column":30}}],"line":28},"5":{"loc":{"start":{"line":41,"column":4},"end":{"line":41,"column":42}},"type":"if","locations":[{"start":{"line":41,"column":4},"end":{"line":41,"column":42}},{"start":{},"end":{}}],"line":41},"6":{"loc":{"start":{"line":44,"column":4},"end":{"line":44,"column":44}},"type":"if","locations":[{"start":{"line":44,"column":4},"end":{"line":44,"column":44}},{"start":{},"end":{}}],"line":44},"7":{"loc":{"start":{"line":47,"column":4},"end":{"line":47,"column":48}},"type":"if","locations":[{"start":{"line":47,"column":4},"end":{"line":47,"column":48}},{"start":{},"end":{}}],"line":47},"8":{"loc":{"start":{"line":60,"column":17},"end":{"line":60,"column":34}},"type":"cond-expr","locations":[{"start":{"line":60,"column":25},"end":{"line":60,"column":30}},{"start":{"line":60,"column":33},"end":{"line":60,"column":34}}],"line":60},"9":{"loc":{"start":{"line":73,"column":4},"end":{"line":75,"column":5}},"type":"if","locations":[{"start":{"line":73,"column":4},"end":{"line":75,"column":5}},{"start":{},"end":{}}],"line":73}},"s":{"0":2,"1":2,"2":2,"3":0,"4":2,"5":0,"6":2,"7":0,"8":2,"9":0,"10":2,"11":0,"12":0,"13":0,"14":0,"15":0,"16":0,"17":0,"18":0,"19":0,"20":0,"21":0,"22":0,"23":2,"24":0,"25":0,"26":0,"27":0,"28":0,"29":0,"30":0,"31":0,"32":0,"33":0,"34":0,"35":2,"36":0,"37":2,"38":0,"39":0,"40":0,"41":0,"42":0,"43":0,"44":2,"45":2,"46":0,"47":0,"48":0,"49":0,"50":0,"51":0,"52":2,"53":1,"54":2},"f":{"0":0,"1":0,"2":0,"3":0,"4":0,"5":0,"6":0,"7":0,"8":0,"9":1},"b":{"0":[0,0],"1":[0,0],"2":[0,0,0,0,0],"3":[0,0],"4":[0,0,0,0],"5":[0,0],"6":[0,0],"7":[0,0],"8":[0,0],"9":[0,0]},"_coverageSchema":"1a1c01bbd47fc00a2c39e90264f33305004495a9","hash":"707efb08785294594ce4b3e4e39d5f8ca987942d"}
}
